[10-Apr-2024 17:14:07 UTC] PHP Warning:  Attempt to read property "title" on null in C:\xampp\htdocs\wp-template\wp-includes\class-wp-customize-widgets.php on line 905
[10-Apr-2024 17:14:20 UTC] PHP Warning:  Attempt to read property "title" on null in C:\xampp\htdocs\wp-template\wp-includes\class-wp-customize-widgets.php on line 905
[10-Apr-2024 17:15:37 UTC] PHP Warning:  Attempt to read property "title" on null in C:\xampp\htdocs\wp-template\wp-includes\class-wp-customize-widgets.php on line 905
[10-Apr-2024 17:44:00 UTC] PHP Warning:  Attempt to read property "title" on null in C:\xampp\htdocs\wp-template\wp-includes\class-wp-customize-widgets.php on line 905
[10-Apr-2024 17:44:50 UTC] PHP Warning:  Attempt to read property "title" on null in C:\xampp\htdocs\wp-template\wp-includes\class-wp-customize-widgets.php on line 905
[10-Apr-2024 17:47:05 UTC] PHP Warning:  Attempt to read property "title" on null in C:\xampp\htdocs\wp-template\wp-includes\class-wp-customize-widgets.php on line 905
[10-Apr-2024 17:49:46 UTC] PHP Warning:  Attempt to read property "title" on null in C:\xampp\htdocs\wp-template\wp-includes\class-wp-customize-widgets.php on line 905
[10-Apr-2024 17:50:10 UTC] PHP Warning:  Attempt to read property "title" on null in C:\xampp\htdocs\wp-template\wp-includes\class-wp-customize-widgets.php on line 905
[10-Apr-2024 17:51:16 UTC] PHP Warning:  Attempt to read property "title" on null in C:\xampp\htdocs\wp-template\wp-includes\class-wp-customize-widgets.php on line 905
[10-Apr-2024 17:51:59 UTC] PHP Warning:  Attempt to read property "title" on null in C:\xampp\htdocs\wp-template\wp-includes\class-wp-customize-widgets.php on line 905
[25-Apr-2024 08:29:22 UTC] PHP Warning:  mysqli_real_connect(): (HY000/2002): No connection could be made because the target machine actively refused it in C:\xampp\htdocs\wp-template\wp-includes\class-wpdb.php on line 1987
[25-Apr-2024 08:29:28 UTC] PHP Warning:  mysqli_real_connect(): (HY000/2002): No connection could be made because the target machine actively refused it in C:\xampp\htdocs\wp-template\wp-includes\class-wpdb.php on line 1987
[27-Apr-2024 08:34:52 UTC] PHP Warning:  mysqli_real_connect(): (HY000/2002): No connection could be made because the target machine actively refused it in C:\xampp\htdocs\wp-template\wp-includes\class-wpdb.php on line 1987
[27-Apr-2024 08:34:59 UTC] PHP Warning:  mysqli_real_connect(): (HY000/2002): No connection could be made because the target machine actively refused it in C:\xampp\htdocs\wp-template\wp-includes\class-wpdb.php on line 1987
[29-Apr-2024 21:24:15 UTC] PHP Parse error:  syntax error, unexpected identifier "wp_register_style" in C:\xampp\htdocs\wp-template\wp-content\plugins\hero-block\hero-block.php on line 27
[29-Apr-2024 21:26:16 UTC] PHP Parse error:  syntax error, unexpected identifier "wp_register_style" in C:\xampp\htdocs\wp-template\wp-content\plugins\hero-block\hero-block.php on line 27
[29-Apr-2024 21:31:33 UTC] PHP Parse error:  syntax error, unexpected identifier "wp_register_style" in C:\xampp\htdocs\wp-template\wp-content\plugins\hero-block\hero-block.php on line 27
[29-Apr-2024 21:31:33 UTC] PHP Notice:  Function is_embed was called incorrectly. Conditional query tags do not work before the query is run. Before then, they always return false. Please see <a>Debugging in WordPress</a> for more information. (This message was added in version 3.1.0.) in C:\xampp\htdocs\wp-template\wp-includes\functions.php on line 6078
[29-Apr-2024 21:31:33 UTC] PHP Notice:  Function is_search was called incorrectly. Conditional query tags do not work before the query is run. Before then, they always return false. Please see <a>Debugging in WordPress</a> for more information. (This message was added in version 3.1.0.) in C:\xampp\htdocs\wp-template\wp-includes\functions.php on line 6078
[29-Apr-2024 21:31:51 UTC] PHP Parse error:  syntax error, unexpected identifier "wp_register_style" in C:\xampp\htdocs\wp-template\wp-content\plugins\hero-block\hero-block.php on line 27
[29-Apr-2024 21:31:51 UTC] PHP Notice:  Function is_embed was called incorrectly. Conditional query tags do not work before the query is run. Before then, they always return false. Please see <a>Debugging in WordPress</a> for more information. (This message was added in version 3.1.0.) in C:\xampp\htdocs\wp-template\wp-includes\functions.php on line 6078
[29-Apr-2024 21:31:51 UTC] PHP Notice:  Function is_search was called incorrectly. Conditional query tags do not work before the query is run. Before then, they always return false. Please see <a>Debugging in WordPress</a> for more information. (This message was added in version 3.1.0.) in C:\xampp\htdocs\wp-template\wp-includes\functions.php on line 6078
[29-Apr-2024 21:31:52 UTC] PHP Parse error:  syntax error, unexpected identifier "wp_register_style" in C:\xampp\htdocs\wp-template\wp-content\plugins\hero-block\hero-block.php on line 27
[29-Apr-2024 21:31:52 UTC] PHP Notice:  Function is_embed was called incorrectly. Conditional query tags do not work before the query is run. Before then, they always return false. Please see <a>Debugging in WordPress</a> for more information. (This message was added in version 3.1.0.) in C:\xampp\htdocs\wp-template\wp-includes\functions.php on line 6078
[29-Apr-2024 21:31:52 UTC] PHP Notice:  Function is_search was called incorrectly. Conditional query tags do not work before the query is run. Before then, they always return false. Please see <a>Debugging in WordPress</a> for more information. (This message was added in version 3.1.0.) in C:\xampp\htdocs\wp-template\wp-includes\functions.php on line 6078
[03-May-2024 19:11:01 UTC] PHP Warning:  Attempt to read property "title" on null in C:\xampp\htdocs\wp-template\wp-includes\class-wp-customize-widgets.php on line 905
[03-May-2024 19:12:19 UTC] PHP Warning:  Attempt to read property "title" on null in C:\xampp\htdocs\wp-template\wp-includes\class-wp-customize-widgets.php on line 905
[03-May-2024 19:12:48 UTC] PHP Warning:  Attempt to read property "title" on null in C:\xampp\htdocs\wp-template\wp-includes\class-wp-customize-widgets.php on line 905
[03-May-2024 19:13:06 UTC] PHP Warning:  Attempt to read property "title" on null in C:\xampp\htdocs\wp-template\wp-includes\class-wp-customize-widgets.php on line 905
[03-May-2024 19:47:21 UTC] PHP Warning:  Attempt to read property "title" on null in C:\xampp\htdocs\wp-template\wp-includes\class-wp-customize-widgets.php on line 905
[03-May-2024 19:47:33 UTC] PHP Warning:  Attempt to read property "title" on null in C:\xampp\htdocs\wp-template\wp-includes\class-wp-customize-widgets.php on line 905
[03-May-2024 19:51:35 UTC] PHP Warning:  Attempt to read property "title" on null in C:\xampp\htdocs\wp-template\wp-includes\class-wp-customize-widgets.php on line 905
[03-May-2024 19:51:44 UTC] PHP Warning:  Attempt to read property "title" on null in C:\xampp\htdocs\wp-template\wp-includes\class-wp-customize-widgets.php on line 905
[03-May-2024 19:55:36 UTC] PHP Warning:  Attempt to read property "title" on null in C:\xampp\htdocs\wp-template\wp-includes\class-wp-customize-widgets.php on line 905
[04-May-2024 09:10:54 UTC] PHP Warning:  Attempt to read property "title" on null in C:\xampp\htdocs\wp-template\wp-includes\class-wp-customize-widgets.php on line 905
[04-May-2024 09:13:32 UTC] PHP Warning:  Attempt to read property "title" on null in C:\xampp\htdocs\wp-template\wp-includes\class-wp-customize-widgets.php on line 905
[04-May-2024 10:12:12 UTC] PHP Notice:  Function WP_Block_Type_Registry::register was called incorrectly. Block type names must not contain uppercase characters. Please see <a>Debugging in WordPress</a> for more information. (This message was added in version 5.0.0.) in C:\xampp\htdocs\wp-template\wp-includes\functions.php on line 6078
[04-May-2024 10:12:27 UTC] PHP Notice:  Function WP_Block_Type_Registry::register was called incorrectly. Block type names must not contain uppercase characters. Please see <a>Debugging in WordPress</a> for more information. (This message was added in version 5.0.0.) in C:\xampp\htdocs\wp-template\wp-includes\functions.php on line 6078
[07-May-2024 07:26:32 UTC] PHP Parse error:  syntax error, unexpected token "," in C:\xampp\htdocs\wp-template\wp-content\themes\theme-name\wp_config\blocks_extensions\core_columns.php on line 11
[07-May-2024 07:26:59 UTC] PHP Parse error:  syntax error, unexpected token "," in C:\xampp\htdocs\wp-template\wp-content\themes\theme-name\wp_config\blocks_extensions\core_columns.php on line 11
[07-May-2024 07:27:01 UTC] PHP Parse error:  syntax error, unexpected token "," in C:\xampp\htdocs\wp-template\wp-content\themes\theme-name\wp_config\blocks_extensions\core_columns.php on line 11
[07-May-2024 07:27:30 UTC] PHP Parse error:  syntax error, unexpected token "," in C:\xampp\htdocs\wp-template\wp-content\themes\theme-name\wp_config\blocks_extensions\core_columns.php on line 11
[07-May-2024 07:27:42 UTC] PHP Parse error:  syntax error, unexpected identifier "register_block_style" in C:\xampp\htdocs\wp-template\wp-content\themes\theme-name\wp_config\blocks_extensions\core_columns.php on line 13
[07-May-2024 07:29:59 UTC] PHP Parse error:  syntax error, unexpected identifier "register_block_style" in C:\xampp\htdocs\wp-template\wp-content\themes\theme-name\wp_config\blocks_extensions\core_columns.php on line 14
[07-May-2024 07:33:32 UTC] PHP Warning:  mysqli_real_connect(): (HY000/2002): No connection could be made because the target machine actively refused it in C:\xampp\htdocs\wp-template\wp-includes\class-wpdb.php on line 1987
[07-May-2024 07:33:32 UTC] PHP Warning:  mysqli_real_connect(): (HY000/2002): No connection could be made because the target machine actively refused it in C:\xampp\htdocs\wp-template\wp-includes\class-wpdb.php on line 1987
[07-May-2024 07:33:34 UTC] PHP Warning:  mysqli_real_connect(): (HY000/2002): No connection could be made because the target machine actively refused it in C:\xampp\htdocs\wp-template\wp-includes\class-wpdb.php on line 1987
[07-May-2024 07:34:04 UTC] PHP Warning:  mysqli_real_connect(): (HY000/2002): No connection could be made because the target machine actively refused it in C:\xampp\htdocs\wp-template\wp-includes\class-wpdb.php on line 1987
[07-May-2024 07:34:05 UTC] PHP Warning:  mysqli_real_connect(): (HY000/2002): No connection could be made because the target machine actively refused it in C:\xampp\htdocs\wp-template\wp-includes\class-wpdb.php on line 1987
[07-May-2024 07:34:13 UTC] PHP Warning:  mysqli_real_connect(): (HY000/2002): No connection could be made because the target machine actively refused it in C:\xampp\htdocs\wp-template\wp-includes\class-wpdb.php on line 1987
[07-May-2024 08:06:22 UTC] PHP Deprecated:  Implicit conversion from float 0.9975 to int loses precision in C:\xampp\htdocs\wp-template\wp-content\plugins\google-maps-widget\google-maps-widget.php on line 803
[07-May-2024 08:06:22 UTC] PHP Deprecated:  Implicit conversion from float 59.85 to int loses precision in C:\xampp\htdocs\wp-template\wp-content\plugins\google-maps-widget\google-maps-widget.php on line 804
